
> vite_react_shadcn_ts@0.0.0 dev
> vite --host 0.0.0.0 --port 35851


  VITE v5.4.20  ready in 989 ms

  ➜  Local:   http://localhost:35851/
  ➜  Network: http://75.119.157.31:35851/
  ➜  Network: http://172.18.0.1:35851/
  ➜  Network: http://172.19.0.1:35851/
7:45:42 PM [vite] http proxy error: /api/refresh
AggregateError [ECONNREFUSED]: 
    at interna7:59:57 PM [vite] vite.config.ts changed, restarting server...
Re-optimizing dependencies because lockfile has changed
7:59:58 PM [vite] server restarted.
ED]: 
    at internalConnectMultiple (node:net:1134:18)
    at afterConnectMultiple (node:net:1715:7)
7:45:58 PM [vite] http proxy error: /api/login
AggregateError [ECONNREFUSED]: 
    at internalConnectMultiple (node:net:1134:18)
    at afterConnectMultiple (node:net:1715:7)
7:59:57 PM [vite] hmr update /src/pages/Index.tsx, /src/index.css
7:59:57 PM [vite] vite.config.ts changed, restarting server...
Re-optimizing dependencies because lockfile has changed
7:59:58 PM [vite] server restarted.
8:00:04 PM [vite] http proxy error: /api/refresh
AggregateError [ECONNREFUSED]: 
    at internalConnectMultiple (node:net:1134:18)
    at afterConnectMultiple (node:net:1715:7)
